                      :-) GROMACS - gmx mdrun, 2022.3 (-:

Executable:   /usr/local/gromacs/bin/gmx
Data prefix:  /usr/local/gromacs
Working dir:  /home/li/project/afe_with_af2/Equilibration/free_lig/unres_NPT
Command line:
  gmx mdrun -deffnm gromacs


Back Off! I just backed up gromacs.log to ./#gromacs.log.1#
Reading file gromacs.tpr, VERSION 2022.3 (single precision)
Changing nstlist from 10 to 80, rlist from 1.2 to 1.322

Using 1 MPI thread
Using 16 OpenMP threads 


Back Off! I just backed up gromacs.trr to ./#gromacs.trr.1#

Back Off! I just backed up gromacs.edr to ./#gromacs.edr.1#
starting mdrun 'BioSimSpace System'
100000 steps,    200.0 ps.

Writing final coordinates.

Back Off! I just backed up gromacs.gro to ./#gromacs.gro.1#

               Core t (s)   Wall t (s)        (%)
       Time:      831.196       51.950     1600.0
                 (ns/day)    (hour/ns)
Performance:      332.632        0.072

GROMACS reminds you: "Every revolutionary idea seems to evoke three stages of reaction. They may be summed up by the phrases: (1) It's completely impossible. (2) It's possible, but not worth doing. (3) I said it was a good idea all along." (Arthur C. Clarke)

