                      :-) GROMACS - gmx mdrun, 2022.3 (-:

Executable:   /usr/local/gromacs/bin/gmx
Data prefix:  /usr/local/gromacs
Working dir:  /home/li/project/afe_with_af2/Equilibration/bound_sys/b_res_NVT
Command line:
  gmx mdrun -deffnm gromacs


Back Off! I just backed up gromacs.log to ./#gromacs.log.1#
Reading file gromacs.tpr, VERSION 2022.3 (single precision)
Changing nstlist from 10 to 80, rlist from 1.2 to 1.316

Using 1 MPI thread
Using 16 OpenMP threads 


Back Off! I just backed up gromacs.trr to ./#gromacs.trr.1#

Back Off! I just backed up gromacs.edr to ./#gromacs.edr.1#
starting mdrun 'default_name'
25000 steps,     50.0 ps.

Writing final coordinates.

Back Off! I just backed up gromacs.gro to ./#gromacs.gro.1#

               Core t (s)   Wall t (s)        (%)
       Time:     3087.003      192.938     1600.0
                 (ns/day)    (hour/ns)
Performance:       22.392        1.072

GROMACS reminds you: "Ohne Arbeit waer das Leben oede" (Wir Sind Helden)

