                      :-) GROMACS - gmx mdrun, 2022.3 (-:

Executable:   /usr/local/gromacs/bin/gmx
Data prefix:  /usr/local/gromacs
Working dir:  /home/li/project/afe_with_af2/Equilibration/free_lig/unres_NVT
Command line:
  gmx mdrun -deffnm gromacs

Reading file gromacs.tpr, VERSION 2022.3 (single precision)
Changing nstlist from 10 to 80, rlist from 1.2 to 1.32

Using 1 MPI thread
Using 16 OpenMP threads 

starting mdrun 'BioSimSpace System'
25000 steps,     50.0 ps.

Writing final coordinates.

Back Off! I just backed up gromacs.gro to ./#gromacs.gro.1#

               Core t (s)   Wall t (s)        (%)
       Time:    40461.696     2528.856     1600.0
                         42:08
                 (ns/day)    (hour/ns)
Performance:        1.708       14.049

GROMACS reminds you: "Everything He Lacks, He Makes Up In Denial" (Offspring)

