                      :-) GROMACS - gmx mdrun, 2022.3 (-:

Copyright 1991-2022 The GROMACS Authors.
GROMACS is free software; you can redistribute it and/or modify it
under the terms of the GNU Lesser General Public License
as published by the Free Software Foundation; either version 2.1
of the License, or (at your option) any later version.

                         Current GROMACS contributors:
       Mark Abraham           Andrey Alekseenko           Cathrine Bergh      
      Christian Blau            Eliane Briand               Kevin Boyd        
     Oliver Fleetwood         Stefan Fleischmann           Vytas Gapsys       
       Gaurav Garg           Gilles Gouaillardet            Alan Gray         
      Victor Holanda           M. Eric Irrgang              Joe Jordan        
    Christoph Junghans        Prashanth Kanduri           Sebastian Kehl      
     Sebastian Keller          Carsten Kutzner           Magnus Lundborg      
       Pascal Merz              Dmitry Morozov             Szilard Pall       
      Roland Schulz             Michael Shirts         David van der Spoel    
     Alessandra Villa      Sebastian Wingbermuehle        Artem Zhmurov       

                         Previous GROMACS contributors:
        Emile Apol             Rossen Apostolov           James Barnett       
  Herman J.C. Berendsen          Par Bjelkmar           Viacheslav Bolnykh    
    Aldert van Buuren          Carlo Camilloni           Rudi van Drunen      
      Anton Feenstra           Gerrit Groenhof            Bert de Groot       
      Anca Hamuraru           Vincent Hindriksen         Aleksei Iupinov      
   Dimitrios Karkoulis           Peter Kasson               Jiri Kraus        
       Per Larsson             Justin A. Lemkul           Viveca Lindahl      
      Erik Marklund           Pieter Meulenhoff           Vedran Miletic      
      Teemu Murtola              Sander Pronk            Alexey Shvetsov      
      Alfons Sijbers            Peter Tieleman             Jon Vincent        
     Teemu Virolainen         Christian Wennberg           Maarten Wolf       

                  Coordinated by the GROMACS project leaders:
                    Paul Bauer, Berk Hess, and Erik Lindahl

GROMACS:      gmx mdrun, version 2022.3
Executable:   /usr/local/gromacs/bin/gmx
Data prefix:  /usr/local/gromacs
Working dir:  /home/li/project/afe_with_af2/Equilibration/bound_sys/res_NVT
Process ID:   109235
Command line:
  gmx mdrun -deffnm gromacs

GROMACS version:    2022.3
Precision:          mixed
Memory model:       64 bit
MPI library:        thread_mpi
OpenMP support:     enabled (GMX_OPENMP_MAX_THREADS = 128)
GPU support:        disabled
SIMD instructions:  AVX2_256
CPU FFT library:    fftw-3.3.8-sse2-avx-avx2-avx2_128
GPU FFT library:    none
RDTSCP usage:       enabled
TNG support:        enabled
Hwloc support:      disabled
Tracing support:    disabled
C compiler:         /usr/bin/cc GNU 11.2.0
C compiler flags:   -mavx2 -mfma -Wno-missing-field-initializers -fexcess-precision=fast -funroll-all-loops -O3 -DNDEBUG
C++ compiler:       /usr/bin/c++ GNU 11.2.0
C++ compiler flags: -mavx2 -mfma -Wno-missing-field-initializers -fexcess-precision=fast -funroll-all-loops -fopenmp -O3 -DNDEBUG


Running on 1 node with total 8 cores, 16 processing units
Hardware detected:
  CPU info:
    Vendor: Intel
    Brand:  11th Gen Intel(R) Core(TM) i7-11800H @ 2.30GHz
    Family: 6   Model: 141   Stepping: 1
    Features: aes apic avx avx2 avx512f avx512cd avx512bw avx512vl avx512secondFMA clfsh cmov cx8 cx16 f16c fma htt intel lahf mmx msr nonstop_tsc pcid pclmuldq pdcm pdpe1gb popcnt pse rdrnd rdtscp sha sse2 sse3 sse4.1 sse4.2 ssse3 tdt x2apic
    Number of AVX-512 FMA units: 1 (AVX2 is faster w/o 2 AVX-512 FMA units)
  Hardware topology: Basic
    Packages, cores, and logical processors:
    [indices refer to OS logical processors]
      Package  0: [   0   8] [   1   9] [   2  10] [   3  11] [   4  12] [   5  13] [   6  14] [   7  15]
    CPU limit set by OS: -1   Recommended max number of threads: 16


++++ PLEASE READ AND CITE THE FOLLOWING REFERENCE ++++
M. J. Abraham, T. Murtola, R. Schulz, S. Páll, J. C. Smith, B. Hess, E.
Lindahl
GROMACS: High performance molecular simulations through multi-level
parallelism from laptops to supercomputers
SoftwareX 1 (2015) pp. 19-25
-------- -------- --- Thank You --- -------- --------


++++ PLEASE READ AND CITE THE FOLLOWING REFERENCE ++++
S. Páll, M. J. Abraham, C. Kutzner, B. Hess, E. Lindahl
Tackling Exascale Software Challenges in Molecular Dynamics Simulations with
GROMACS
In S. Markidis & E. Laure (Eds.), Solving Software Challenges for Exascale 8759 (2015) pp. 3-27
-------- -------- --- Thank You --- -------- --------


++++ PLEASE READ AND CITE THE FOLLOWING REFERENCE ++++
S. Pronk, S. Páll, R. Schulz, P. Larsson, P. Bjelkmar, R. Apostolov, M. R.
Shirts, J. C. Smith, P. M. Kasson, D. van der Spoel, B. Hess, and E. Lindahl
GROMACS 4.5: a high-throughput and highly parallel open source molecular
simulation toolkit
Bioinformatics 29 (2013) pp. 845-54
-------- -------- --- Thank You --- -------- --------


++++ PLEASE READ AND CITE THE FOLLOWING REFERENCE ++++
B. Hess and C. Kutzner and D. van der Spoel and E. Lindahl
GROMACS 4: Algorithms for highly efficient, load-balanced, and scalable
molecular simulation
J. Chem. Theory Comput. 4 (2008) pp. 435-447
-------- -------- --- Thank You --- -------- --------


++++ PLEASE READ AND CITE THE FOLLOWING REFERENCE ++++
D. van der Spoel, E. Lindahl, B. Hess, G. Groenhof, A. E. Mark and H. J. C.
Berendsen
GROMACS: Fast, Flexible and Free
J. Comp. Chem. 26 (2005) pp. 1701-1719
-------- -------- --- Thank You --- -------- --------


++++ PLEASE READ AND CITE THE FOLLOWING REFERENCE ++++
E. Lindahl and B. Hess and D. van der Spoel
GROMACS 3.0: A package for molecular simulation and trajectory analysis
J. Mol. Mod. 7 (2001) pp. 306-317
-------- -------- --- Thank You --- -------- --------


++++ PLEASE READ AND CITE THE FOLLOWING REFERENCE ++++
H. J. C. Berendsen, D. van der Spoel and R. van Drunen
GROMACS: A message-passing parallel molecular dynamics implementation
Comp. Phys. Comm. 91 (1995) pp. 43-56
-------- -------- --- Thank You --- -------- --------


++++ PLEASE CITE THE DOI FOR THIS VERSION OF GROMACS ++++
https://doi.org/10.5281/zenodo.7037338
-------- -------- --- Thank You --- -------- --------

Input Parameters:
   integrator                     = sd
   tinit                          = 0
   dt                             = 0.002
   nsteps                         = 2500
   init-step                      = 0
   simulation-part                = 1
   mts                            = false
   comm-mode                      = Linear
   nstcomm                        = 100
   bd-fric                        = 0
   ld-seed                        = -155456580
   emtol                          = 10
   emstep                         = 0.01
   niter                          = 20
   fcstep                         = 0
   nstcgsteep                     = 1000
   nbfgscorr                      = 10
   rtpi                           = 0.05
   nstxout                        = 500
   nstvout                        = 0
   nstfout                        = 0
   nstlog                         = 100
   nstcalcenergy                  = 100
   nstenergy                      = 100
   nstxout-compressed             = 0
   compressed-x-precision         = 1000
   cutoff-scheme                  = Verlet
   nstlist                        = 10
   pbc                            = xyz
   periodic-molecules             = false
   verlet-buffer-tolerance        = 0.005
   rlist                          = 1.2
   coulombtype                    = PME
   coulomb-modifier               = Potential-shift
   rcoulomb-switch                = 0
   rcoulomb                       = 1.2
   epsilon-r                      = 1
   epsilon-rf                     = inf
   vdw-type                       = Cut-off
   vdw-modifier                   = Potential-shift
   rvdw-switch                    = 0
   rvdw                           = 1.2
   DispCorr                       = EnerPres
   table-extension                = 1
   fourierspacing                 = 0.12
   fourier-nx                     = 72
   fourier-ny                     = 72
   fourier-nz                     = 72
   pme-order                      = 4
   ewald-rtol                     = 1e-05
   ewald-rtol-lj                  = 0.001
   lj-pme-comb-rule               = Geometric
   ewald-geometry                 = 3d
   epsilon-surface                = 0
   tcoupl                         = No
   nsttcouple                     = -1
   nh-chain-length                = 0
   print-nose-hoover-chain-variables = false
   pcoupl                         = No
   pcoupltype                     = Isotropic
   nstpcouple                     = -1
   tau-p                          = 1
   compressibility (3x3):
      compressibility[    0]={ 0.00000e+00,  0.00000e+00,  0.00000e+00}
      compressibility[    1]={ 0.00000e+00,  0.00000e+00,  0.00000e+00}
      compressibility[    2]={ 0.00000e+00,  0.00000e+00,  0.00000e+00}
   ref-p (3x3):
      ref-p[    0]={ 0.00000e+00,  0.00000e+00,  0.00000e+00}
      ref-p[    1]={ 0.00000e+00,  0.00000e+00,  0.00000e+00}
      ref-p[    2]={ 0.00000e+00,  0.00000e+00,  0.00000e+00}
   refcoord-scaling               = All
   posres-com (3):
      posres-com[0]= 0.00000e+00
      posres-com[1]= 0.00000e+00
      posres-com[2]= 0.00000e+00
   posres-comB (3):
      posres-comB[0]= 0.00000e+00
      posres-comB[1]= 0.00000e+00
      posres-comB[2]= 0.00000e+00
   QMMM                           = false
qm-opts:
   ngQM                           = 0
   constraint-algorithm           = Lincs
   continuation                   = false
   Shake-SOR                      = false
   shake-tol                      = 0.0001
   lincs-order                    = 4
   lincs-iter                     = 1
   lincs-warnangle                = 30
   nwall                          = 0
   wall-type                      = 9-3
   wall-r-linpot                  = -1
   wall-atomtype[0]               = -1
   wall-atomtype[1]               = -1
   wall-density[0]                = 0
   wall-density[1]                = 0
   wall-ewald-zfac                = 3
   pull                           = false
   awh                            = false
   rotation                       = false
   interactiveMD                  = false
   disre                          = No
   disre-weighting                = Conservative
   disre-mixed                    = false
   dr-fc                          = 1000
   dr-tau                         = 0
   nstdisreout                    = 100
   orire-fc                       = 0
   orire-tau                      = 0
   nstorireout                    = 100
   free-energy                    = no
   cos-acceleration               = 0
   deform (3x3):
      deform[    0]={ 0.00000e+00,  0.00000e+00,  0.00000e+00}
      deform[    1]={ 0.00000e+00,  0.00000e+00,  0.00000e+00}
      deform[    2]={ 0.00000e+00,  0.00000e+00,  0.00000e+00}
   simulated-tempering            = false
   swapcoords                     = no
   userint1                       = 0
   userint2                       = 0
   userint3                       = 0
   userint4                       = 0
   userreal1                      = 0
   userreal2                      = 0
   userreal3                      = 0
   userreal4                      = 0
   applied-forces:
     electric-field:
       x:
         E0                       = 0
         omega                    = 0
         t0                       = 0
         sigma                    = 0
       y:
         E0                       = 0
         omega                    = 0
         t0                       = 0
         sigma                    = 0
       z:
         E0                       = 0
         omega                    = 0
         t0                       = 0
         sigma                    = 0
     density-guided-simulation:
       active                     = false
       group                      = protein
       similarity-measure         = inner-product
       atom-spreading-weight      = unity
       force-constant             = 1e+09
       gaussian-transform-spreading-width = 0.2
       gaussian-transform-spreading-range-in-multiples-of-width = 4
       reference-density-filename = reference.mrc
       nst                        = 1
       normalize-densities        = true
       adaptive-force-scaling     = false
       adaptive-force-scaling-time-constant = 4
       shift-vector               = 
       transformation-matrix      = 
     qmmm-cp2k:
       active                     = false
       qmgroup                    = System
       qmmethod                   = PBE
       qmfilenames                = 
       qmcharge                   = 0
       qmmultiplicity             = 1
grpopts:
   nrdf:      115848
   ref-t:         298
   tau-t:           2
annealing:      Single
annealing-npoints:           2
annealing-time [0]:	         0.0         5.0
annealing-temp [0]:	         0.0       298.0
   acc:	           0           0           0
   nfreeze:           N           N           N
   energygrp-flags[  0]: 0

Changing nstlist from 10 to 80, rlist from 1.2 to 1.316

When checking whether update groups are usable:
  At least one moleculetype does not conform to the requirements for using update groups

Initializing Domain Decomposition on 1 ranks
Dynamic load balancing: auto
Minimum cell size due to atom displacement: 0.640 nm
Initial maximum distances in bonded interactions:
    two-body bonded interactions: 0.421 nm, LJ-14, atoms 1417 1425
  multi-body bonded interactions: 0.421 nm, Proper Dih., atoms 1417 1425
Minimum cell size due to bonded interactions: 0.463 nm
Maximum distance for 5 constraints, at 120 deg. angles, all-trans: 0.219 nm
Estimated maximum distance required for P-LINCS: 0.219 nm
Using 0 separate PME ranks because: there are too few total ranks for efficient splitting
Optimizing the DD grid for 1 cells with a minimum initial size of 0.640 nm
The maximum allowed number of cells is: X 13 Y 13 Z 13
Domain decomposition grid 1 x 1 x 1, separate PME ranks 0
PME domain decomposition: 1 x 1 x 1

The initial number of communication pulses is:
The initial domain decomposition cell size is:

The maximum allowed distance for atoms involved in interactions is:
                 non-bonded interactions           1.316 nm
            two-body bonded interactions  (-rdd)   1.316 nm
          multi-body bonded interactions  (-rdd)   1.316 nm
  atoms separated by up to 5 constraints  (-rcon)  8.322 nm

When dynamic load balancing gets turned on, these settings will change to:
The maximum number of communication pulses is:
The minimum size for domain decomposition cells is 1.316 nm
The requested allowed shrink of DD cells (option -dds) is: 0.80
The allowed shrink of domain decomposition cells is:
The maximum allowed distance for atoms involved in interactions is:
                 non-bonded interactions           1.316 nm
            two-body bonded interactions  (-rdd)   1.316 nm
          multi-body bonded interactions  (-rdd)   1.316 nm
  atoms separated by up to 5 constraints  (-rcon)  1.316 nm

Using 1 MPI thread
Using 16 OpenMP threads 

Pinning threads with an auto-selected logical cpu stride of 1
System total charge: -0.000
Will do PME sum in reciprocal space for electrostatic interactions.

++++ PLEASE READ AND CITE THE FOLLOWING REFERENCE ++++
U. Essmann, L. Perera, M. L. Berkowitz, T. Darden, H. Lee and L. G. Pedersen 
A smooth particle mesh Ewald method
J. Chem. Phys. 103 (1995) pp. 8577-8592
-------- -------- --- Thank You --- -------- --------

Using a Gaussian width (1/beta) of 0.384195 nm for Ewald
Potential shift: LJ r^-12: -1.122e-01 r^-6: -3.349e-01, Ewald -8.333e-06
Initialized non-bonded Coulomb Ewald tables, spacing: 1.02e-03 size: 1176

Generated table with 1158 data points for 1-4 COUL.
Tabscale = 500 points/nm
Generated table with 1158 data points for 1-4 LJ6.
Tabscale = 500 points/nm
Generated table with 1158 data points for 1-4 LJ12.
Tabscale = 500 points/nm
Long Range LJ corr.: <C6> 3.1455e-04


Using SIMD 4x8 nonbonded short-range kernels

Using a dual 4x8 pair-list setup updated with dynamic pruning:
  outer list: updated every 80 steps, buffer 0.116 nm, rlist 1.316 nm
  inner list: updated every 14 steps, buffer 0.003 nm, rlist 1.203 nm
At tolerance 0.005 kJ/mol/ps per atom, equivalent classical 1x1 list would be:
  outer list: updated every 80 steps, buffer 0.261 nm, rlist 1.461 nm
  inner list: updated every 14 steps, buffer 0.056 nm, rlist 1.256 nm

Using Lorentz-Berthelot Lennard-Jones combination rule
Removing pbc first time

Linking all bonded interactions to atoms


Initializing Parallel LINear Constraint Solver

++++ PLEASE READ AND CITE THE FOLLOWING REFERENCE ++++
B. Hess
P-LINCS: A Parallel Linear Constraint Solver for molecular simulation
J. Chem. Theory Comput. 4 (2008) pp. 116-122
-------- -------- --- Thank You --- -------- --------

The number of constraints is 2328
There are constraints between atoms in different decomposition domains,
will communicate selected coordinates each lincs iteration

++++ PLEASE READ AND CITE THE FOLLOWING REFERENCE ++++
S. Miyamoto and P. A. Kollman
SETTLE: An Analytical Version of the SHAKE and RATTLE Algorithms for Rigid
Water Models
J. Comp. Chem. 13 (1992) pp. 952-962
-------- -------- --- Thank You --- -------- --------


++++ PLEASE READ AND CITE THE FOLLOWING REFERENCE ++++
N. Goga and A. J. Rzepiela and A. H. de Vries and S. J. Marrink and H. J. C.
Berendsen
Efficient Algorithms for Langevin and DPD Dynamics
J. Chem. Theory Comput. 8 (2012) pp. 3637--3649
-------- -------- --- Thank You --- -------- --------

There are: 56737 Atoms

Atom distribution over 1 domains: av 56737 stddev 0 min 56737 max 56737

Constraining the starting coordinates (step 0)

Constraining the coordinates at t0-dt (step 0)
Center of mass motion removal mode is Linear
We have the following groups for center of mass motion removal:
  0:  rest
RMS relative constraint deviation after constraining: 1.13e-06
Initial temperature: 3.8659e-07 K

Started mdrun on rank 0 Tue Nov  8 13:39:28 2022

           Step           Time
              0        0.00000

Current ref_t for group System:      0.0

   Energies (kJ/mol)
           Bond          Angle    Proper Dih. Per. Imp. Dih.          LJ-14
    6.27376e+02    3.07100e+03    1.37681e+04    1.70462e+02    4.32015e+03
     Coulomb-14        LJ (SR)  Disper. corr.   Coulomb (SR)   Coul. recip.
    4.92886e+04    9.54675e+04   -4.25603e+03   -9.95677e+05    3.45857e+03
 Position Rest.      Potential    Kinetic En.   Total Energy    Temperature
    1.44814e+00   -8.29760e+05    7.17772e+01   -8.29688e+05    1.49037e-01
 Pres. DC (bar) Pressure (bar)   Constr. rmsd
   -1.22718e+02   -5.17624e+03    1.18628e-06

           Step           Time
            100        0.20000

Current ref_t for group System:     11.9

   Energies (kJ/mol)
           Bond          Angle    Proper Dih. Per. Imp. Dih.          LJ-14
    6.04731e+02    3.06947e+03    1.36545e+04    1.51576e+02    4.22884e+03
     Coulomb-14        LJ (SR)  Disper. corr.   Coulomb (SR)   Coul. recip.
    4.92160e+04    1.27581e+05   -4.25603e+03   -1.06102e+06    1.98650e+03
 Position Rest.      Potential    Kinetic En.   Total Energy    Temperature
    6.96266e+02   -8.64083e+05    3.05595e+04   -8.33524e+05    6.34532e+01
 Pres. DC (bar) Pressure (bar)   Constr. rmsd
   -1.22718e+02   -2.94126e+03    1.33402e-06

           Step           Time
            200        0.40000

Current ref_t for group System:     23.8

   Energies (kJ/mol)
           Bond          Angle    Proper Dih. Per. Imp. Dih.          LJ-14
    6.20276e+02    3.12319e+03    1.36405e+04    1.48124e+02    4.23149e+03
     Coulomb-14        LJ (SR)  Disper. corr.   Coulomb (SR)   Coul. recip.
    4.91441e+04    1.29897e+05   -4.25603e+03   -1.06950e+06    1.84644e+03
 Position Rest.      Potential    Kinetic En.   Total Energy    Temperature
    8.13091e+02   -8.70292e+05    3.23118e+04   -8.37980e+05    6.70917e+01
 Pres. DC (bar) Pressure (bar)   Constr. rmsd
   -1.22718e+02   -2.83876e+03    1.44894e-06

           Step           Time
            300        0.60000

Current ref_t for group System:     35.8

   Energies (kJ/mol)
           Bond          Angle    Proper Dih. Per. Imp. Dih.          LJ-14
    6.75731e+02    3.21004e+03    1.36626e+04    1.66866e+02    4.23608e+03
     Coulomb-14        LJ (SR)  Disper. corr.   Coulomb (SR)   Coul. recip.
    4.91290e+04    1.33433e+05   -4.25603e+03   -1.07691e+06    1.74366e+03
 Position Rest.      Potential    Kinetic En.   Total Energy    Temperature
    8.15629e+02   -8.74091e+05    3.25395e+04   -8.41551e+05    6.75645e+01
 Pres. DC (bar) Pressure (bar)   Constr. rmsd
   -1.22718e+02   -2.65198e+03    1.58383e-06

           Step           Time
            400        0.80000

Current ref_t for group System:     47.7

   Energies (kJ/mol)
           Bond          Angle    Proper Dih. Per. Imp. Dih.          LJ-14
    6.74639e+02    3.26204e+03    1.36891e+04    1.63847e+02    4.26439e+03
     Coulomb-14        LJ (SR)  Disper. corr.   Coulomb (SR)   Coul. recip.
    4.92203e+04    1.37225e+05   -4.25603e+03   -1.08429e+06    1.67981e+03
 Position Rest.      Potential    Kinetic En.   Total Energy    Temperature
    9.16295e+02   -8.77451e+05    3.33695e+04   -8.44081e+05    6.92879e+01
 Pres. DC (bar) Pressure (bar)   Constr. rmsd
   -1.22718e+02   -2.38892e+03    1.72251e-06

           Step           Time
            500        1.00000

Current ref_t for group System:     59.6

   Energies (kJ/mol)
           Bond          Angle    Proper Dih. Per. Imp. Dih.          LJ-14
    7.33857e+02    3.35798e+03    1.36385e+04    1.86815e+02    4.26804e+03
     Coulomb-14        LJ (SR)  Disper. corr.   Coulomb (SR)   Coul. recip.
    4.92182e+04    1.36012e+05   -4.25603e+03   -1.08533e+06    1.61587e+03
 Position Rest.      Potential    Kinetic En.   Total Energy    Temperature
    9.24792e+02   -8.79635e+05    3.38496e+04   -8.45785e+05    7.02847e+01
 Pres. DC (bar) Pressure (bar)   Constr. rmsd
   -1.22718e+02   -2.64588e+03    1.70868e-06

           Step           Time
            600        1.20000

Current ref_t for group System:     71.5

   Energies (kJ/mol)
           Bond          Angle    Proper Dih. Per. Imp. Dih.          LJ-14
    7.85762e+02    3.45178e+03    1.36584e+04    1.71715e+02    4.26834e+03
     Coulomb-14        LJ (SR)  Disper. corr.   Coulomb (SR)   Coul. recip.
    4.91745e+04    1.38679e+05   -4.25603e+03   -1.08987e+06    1.62471e+03
 Position Rest.      Potential    Kinetic En.   Total Energy    Temperature
    9.48802e+02   -8.81363e+05    3.49931e+04   -8.46370e+05    7.26591e+01
 Pres. DC (bar) Pressure (bar)   Constr. rmsd
   -1.22718e+02   -2.43295e+03    1.72191e-06

           Step           Time
            700        1.40000

Current ref_t for group System:     83.4

   Energies (kJ/mol)
           Bond          Angle    Proper Dih. Per. Imp. Dih.          LJ-14
    8.70125e+02    3.58116e+03    1.36726e+04    1.74458e+02    4.28424e+03
     Coulomb-14        LJ (SR)  Disper. corr.   Coulomb (SR)   Coul. recip.
    4.91994e+04    1.38174e+05   -4.25603e+03   -1.09034e+06    1.57601e+03
 Position Rest.      Potential    Kinetic En.   Total Energy    Temperature
    9.82996e+02   -8.82083e+05    3.61109e+04   -8.45972e+05    7.49800e+01
 Pres. DC (bar) Pressure (bar)   Constr. rmsd
   -1.22718e+02   -2.52967e+03    1.78269e-06

           Step           Time
            800        1.60000

Current ref_t for group System:     95.4

   Energies (kJ/mol)
           Bond          Angle    Proper Dih. Per. Imp. Dih.          LJ-14
    8.77592e+02    3.74737e+03    1.36602e+04    1.93001e+02    4.28539e+03
     Coulomb-14        LJ (SR)  Disper. corr.   Coulomb (SR)   Coul. recip.
    4.91808e+04    1.40279e+05   -4.25603e+03   -1.09262e+06    1.60072e+03
 Position Rest.      Potential    Kinetic En.   Total Energy    Temperature
    1.02328e+03   -8.82030e+05    3.73438e+04   -8.44686e+05    7.75400e+01
 Pres. DC (bar) Pressure (bar)   Constr. rmsd
   -1.22718e+02   -2.34429e+03    1.76481e-06

           Step           Time
            900        1.80000

Current ref_t for group System:    107.3

   Energies (kJ/mol)
           Bond          Angle    Proper Dih. Per. Imp. Dih.          LJ-14
    9.44381e+02    3.84656e+03    1.37146e+04    1.96192e+02    4.31518e+03
     Coulomb-14        LJ (SR)  Disper. corr.   Coulomb (SR)   Coul. recip.
    4.92789e+04    1.40243e+05   -4.25603e+03   -1.09229e+06    1.61664e+03
 Position Rest.      Potential    Kinetic En.   Total Energy    Temperature
    1.05340e+03   -8.81336e+05    3.88656e+04   -8.42470e+05    8.06998e+01
 Pres. DC (bar) Pressure (bar)   Constr. rmsd
   -1.22718e+02   -2.31219e+03    1.76505e-06

           Step           Time
           1000        2.00000

Current ref_t for group System:    119.2

   Energies (kJ/mol)
           Bond          Angle    Proper Dih. Per. Imp. Dih.          LJ-14
    1.03504e+03    4.05757e+03    1.37339e+04    2.26260e+02    4.28707e+03
     Coulomb-14        LJ (SR)  Disper. corr.   Coulomb (SR)   Coul. recip.
    4.91653e+04    1.40321e+05   -4.25603e+03   -1.09165e+06    1.61982e+03
 Position Rest.      Potential    Kinetic En.   Total Energy    Temperature
    1.11638e+03   -8.80346e+05    4.09539e+04   -8.39392e+05    8.50359e+01
 Pres. DC (bar) Pressure (bar)   Constr. rmsd
   -1.22718e+02   -2.29758e+03    1.76511e-06

           Step           Time
           1100        2.20000

Current ref_t for group System:    131.1

   Energies (kJ/mol)
           Bond          Angle    Proper Dih. Per. Imp. Dih.          LJ-14
    1.11694e+03    4.16596e+03    1.37811e+04    2.25688e+02    4.28412e+03
     Coulomb-14        LJ (SR)  Disper. corr.   Coulomb (SR)   Coul. recip.
    4.92203e+04    1.40716e+05   -4.25603e+03   -1.09078e+06    1.65890e+03
 Position Rest.      Potential    Kinetic En.   Total Energy    Temperature
    1.12532e+03   -8.78737e+05    4.30281e+04   -8.35709e+05    8.93428e+01
 Pres. DC (bar) Pressure (bar)   Constr. rmsd
   -1.22718e+02   -2.18941e+03    1.84535e-06

           Step           Time
           1200        2.40000

Current ref_t for group System:    143.0

   Energies (kJ/mol)
           Bond          Angle    Proper Dih. Per. Imp. Dih.          LJ-14
    1.19236e+03    4.35235e+03    1.37419e+04    2.18084e+02    4.33898e+03
     Coulomb-14        LJ (SR)  Disper. corr.   Coulomb (SR)   Coul. recip.
    4.91445e+04    1.39826e+05   -4.25603e+03   -1.08844e+06    1.65477e+03
 Position Rest.      Potential    Kinetic En.   Total Energy    Temperature
    1.17679e+03   -8.77045e+05    4.54684e+04   -8.31577e+05    9.44098e+01
 Pres. DC (bar) Pressure (bar)   Constr. rmsd
   -1.22718e+02   -2.11899e+03    1.83171e-06

           Step           Time
           1300        2.60000

Current ref_t for group System:    155.0

   Energies (kJ/mol)
           Bond          Angle    Proper Dih. Per. Imp. Dih.          LJ-14
    1.26282e+03    4.47225e+03    1.38421e+04    2.35716e+02    4.34995e+03
     Coulomb-14        LJ (SR)  Disper. corr.   Coulomb (SR)   Coul. recip.
    4.91226e+04    1.40498e+05   -4.25603e+03   -1.08728e+06    1.65381e+03
 Position Rest.      Potential    Kinetic En.   Total Energy    Temperature
    1.25521e+03   -8.74840e+05    4.82446e+04   -8.26596e+05    1.00174e+02
 Pres. DC (bar) Pressure (bar)   Constr. rmsd
   -1.22718e+02   -2.03146e+03    1.85499e-06

           Step           Time
           1400        2.80000

Current ref_t for group System:    166.9

   Energies (kJ/mol)
           Bond          Angle    Proper Dih. Per. Imp. Dih.          LJ-14
    1.31093e+03    4.75719e+03    1.38447e+04    2.57420e+02    4.29750e+03
     Coulomb-14        LJ (SR)  Disper. corr.   Coulomb (SR)   Coul. recip.
    4.91866e+04    1.40120e+05   -4.25603e+03   -1.08467e+06    1.68290e+03
 Position Rest.      Potential    Kinetic En.   Total Energy    Temperature
    1.30747e+03   -8.72166e+05    5.12600e+04   -8.20906e+05    1.06435e+02
 Pres. DC (bar) Pressure (bar)   Constr. rmsd
   -1.22718e+02   -1.96102e+03    1.80862e-06

           Step           Time
           1500        3.00000

Current ref_t for group System:    178.8

   Energies (kJ/mol)
           Bond          Angle    Proper Dih. Per. Imp. Dih.          LJ-14
    1.44734e+03    4.91502e+03    1.38287e+04    2.55608e+02    4.36407e+03
     Coulomb-14        LJ (SR)  Disper. corr.   Coulomb (SR)   Coul. recip.
    4.90850e+04    1.39884e+05   -4.25603e+03   -1.08172e+06    1.66228e+03
 Position Rest.      Potential    Kinetic En.   Total Energy    Temperature
    1.32130e+03   -8.69215e+05    5.45354e+04   -8.14680e+05    1.13236e+02
 Pres. DC (bar) Pressure (bar)   Constr. rmsd
   -1.22718e+02   -1.82003e+03    1.85035e-06

           Step           Time
           1600        3.20000

Current ref_t for group System:    190.7

   Energies (kJ/mol)
           Bond          Angle    Proper Dih. Per. Imp. Dih.          LJ-14
    1.49541e+03    5.01167e+03    1.39089e+04    2.53476e+02    4.38415e+03
     Coulomb-14        LJ (SR)  Disper. corr.   Coulomb (SR)   Coul. recip.
    4.91242e+04    1.39184e+05   -4.25603e+03   -1.07814e+06    1.68667e+03
 Position Rest.      Potential    Kinetic En.   Total Energy    Temperature
    1.34459e+03   -8.66006e+05    5.78665e+04   -8.08139e+05    1.20153e+02
 Pres. DC (bar) Pressure (bar)   Constr. rmsd
   -1.22718e+02   -1.73375e+03    1.87237e-06

           Step           Time
           1700        3.40000

Current ref_t for group System:    202.6

   Energies (kJ/mol)
           Bond          Angle    Proper Dih. Per. Imp. Dih.          LJ-14
    1.61223e+03    5.31616e+03    1.39412e+04    3.04468e+02    4.33513e+03
     Coulomb-14        LJ (SR)  Disper. corr.   Coulomb (SR)   Coul. recip.
    4.91908e+04    1.38804e+05   -4.25603e+03   -1.07442e+06    1.74836e+03
 Position Rest.      Potential    Kinetic En.   Total Energy    Temperature
    1.43276e+03   -8.61993e+05    6.09790e+04   -8.01014e+05    1.26616e+02
 Pres. DC (bar) Pressure (bar)   Constr. rmsd
   -1.22718e+02   -1.61050e+03    1.91504e-06

           Step           Time
           1800        3.60000

Current ref_t for group System:    214.6

   Energies (kJ/mol)
           Bond          Angle    Proper Dih. Per. Imp. Dih.          LJ-14
    1.66127e+03    5.50977e+03    1.39596e+04    2.91426e+02    4.40401e+03
     Coulomb-14        LJ (SR)  Disper. corr.   Coulomb (SR)   Coul. recip.
    4.92137e+04    1.39184e+05   -4.25603e+03   -1.07165e+06    1.78392e+03
 Position Rest.      Potential    Kinetic En.   Total Energy    Temperature
    1.48868e+03   -8.58413e+05    6.46468e+04   -7.93766e+05    1.34231e+02
 Pres. DC (bar) Pressure (bar)   Constr. rmsd
   -1.22718e+02   -1.45383e+03    1.89055e-06

           Step           Time
           1900        3.80000

Current ref_t for group System:    226.5

   Energies (kJ/mol)
           Bond          Angle    Proper Dih. Per. Imp. Dih.          LJ-14
    1.79871e+03    5.66803e+03    1.39965e+04    2.76772e+02    4.41081e+03
     Coulomb-14        LJ (SR)  Disper. corr.   Coulomb (SR)   Coul. recip.
    4.92289e+04    1.38952e+05   -4.25603e+03   -1.06840e+06    1.76931e+03
 Position Rest.      Potential    Kinetic En.   Total Energy    Temperature
    1.61757e+03   -8.54940e+05    6.86847e+04   -7.86256e+05    1.42616e+02
 Pres. DC (bar) Pressure (bar)   Constr. rmsd
   -1.22718e+02   -1.34586e+03    1.98800e-06

           Step           Time
           2000        4.00000

Current ref_t for group System:    238.4

   Energies (kJ/mol)
           Bond          Angle    Proper Dih. Per. Imp. Dih.          LJ-14
    1.84748e+03    5.79948e+03    1.40358e+04    3.22304e+02    4.39796e+03
     Coulomb-14        LJ (SR)  Disper. corr.   Coulomb (SR)   Coul. recip.
    4.90387e+04    1.37054e+05   -4.25603e+03   -1.06212e+06    1.83339e+03
 Position Rest.      Potential    Kinetic En.   Total Energy    Temperature
    1.71073e+03   -8.50337e+05    7.24469e+04   -7.77890e+05    1.50427e+02
 Pres. DC (bar) Pressure (bar)   Constr. rmsd
   -1.22718e+02   -1.34493e+03    2.00008e-06

           Step           Time
           2100        4.20000

Current ref_t for group System:    250.3

   Energies (kJ/mol)
           Bond          Angle    Proper Dih. Per. Imp. Dih.          LJ-14
    1.97865e+03    6.06987e+03    1.40171e+04    3.36669e+02    4.44798e+03
     Coulomb-14        LJ (SR)  Disper. corr.   Coulomb (SR)   Coul. recip.
    4.91741e+04    1.35183e+05   -4.25603e+03   -1.05640e+06    1.84917e+03
 Position Rest.      Potential    Kinetic En.   Total Energy    Temperature
    1.77329e+03   -8.45824e+05    7.68113e+04   -7.69013e+05    1.59490e+02
 Pres. DC (bar) Pressure (bar)   Constr. rmsd
   -1.22718e+02   -1.27136e+03    1.99254e-06

           Step           Time
           2200        4.40000

Current ref_t for group System:    262.2

   Energies (kJ/mol)
           Bond          Angle    Proper Dih. Per. Imp. Dih.          LJ-14
    2.07772e+03    6.39553e+03    1.40663e+04    3.25489e+02    4.44115e+03
     Coulomb-14        LJ (SR)  Disper. corr.   Coulomb (SR)   Coul. recip.
    4.91579e+04    1.35203e+05   -4.25603e+03   -1.05165e+06    1.94069e+03
 Position Rest.      Potential    Kinetic En.   Total Energy    Temperature
    1.91014e+03   -8.40386e+05    8.05095e+04   -7.59876e+05    1.67168e+02
 Pres. DC (bar) Pressure (bar)   Constr. rmsd
   -1.22718e+02   -1.05574e+03    2.00926e-06

           Step           Time
           2300        4.60000

Current ref_t for group System:    274.2

   Energies (kJ/mol)
           Bond          Angle    Proper Dih. Per. Imp. Dih.          LJ-14
    2.08025e+03    6.43010e+03    1.41479e+04    3.60064e+02    4.45629e+03
     Coulomb-14        LJ (SR)  Disper. corr.   Coulomb (SR)   Coul. recip.
    4.91834e+04    1.34214e+05   -4.25603e+03   -1.04608e+06    1.90364e+03
 Position Rest.      Potential    Kinetic En.   Total Energy    Temperature
    1.94035e+03   -8.35618e+05    8.51781e+04   -7.50440e+05    1.76862e+02
 Pres. DC (bar) Pressure (bar)   Constr. rmsd
   -1.22718e+02   -8.99932e+02    2.01619e-06

           Step           Time
           2400        4.80000

Current ref_t for group System:    286.1

   Energies (kJ/mol)
           Bond          Angle    Proper Dih. Per. Imp. Dih.          LJ-14
    2.26514e+03    6.73556e+03    1.41834e+04    4.13217e+02    4.52126e+03
     Coulomb-14        LJ (SR)  Disper. corr.   Coulomb (SR)   Coul. recip.
    4.89839e+04    1.33863e+05   -4.25603e+03   -1.04089e+06    1.94422e+03
 Position Rest.      Potential    Kinetic En.   Total Energy    Temperature
    1.95307e+03   -8.30287e+05    8.96977e+04   -7.40589e+05    1.86247e+02
 Pres. DC (bar) Pressure (bar)   Constr. rmsd
   -1.22718e+02   -6.94220e+02    2.19749e-06

           Step           Time
           2500        5.00000

Writing checkpoint, step 2500 at Tue Nov  8 13:39:47 2022


Current ref_t for group System:    298.0

   Energies (kJ/mol)
           Bond          Angle    Proper Dih. Per. Imp. Dih.          LJ-14
    2.30688e+03    7.05156e+03    1.41783e+04    4.11460e+02    4.44350e+03
     Coulomb-14        LJ (SR)  Disper. corr.   Coulomb (SR)   Coul. recip.
    4.91756e+04    1.31332e+05   -4.25603e+03   -1.03332e+06    1.96022e+03
 Position Rest.      Potential    Kinetic En.   Total Energy    Temperature
    2.08894e+03   -8.24628e+05    9.37359e+04   -7.30892e+05    1.94631e+02
 Pres. DC (bar) Pressure (bar)   Constr. rmsd
   -1.22718e+02   -7.80591e+02    2.19681e-06

Current ref_t for group System:    298.0

	<======  ###############  ==>
	<====  A V E R A G E S  ====>
	<==  ###############  ======>

	Statistics over 2501 steps using 26 frames

   Energies (kJ/mol)
           Bond          Angle    Proper Dih. Per. Imp. Dih.          LJ-14
    1.30399e+03    4.63187e+03    1.38449e+04    2.47584e+02    4.34100e+03
     Coulomb-14        LJ (SR)  Disper. corr.   Coulomb (SR)   Coul. recip.
    4.91710e+04    1.35436e+05   -4.25603e+03   -1.07098e+06    1.81158e+03
 Position Rest.      Potential    Kinetic En.   Total Energy    Temperature
    1.25918e+03   -8.63189e+05    5.16947e+04   -8.11494e+05    1.07338e+02
 Pres. DC (bar) Pressure (bar)   Constr. rmsd
   -1.22718e+02   -2.03351e+03    0.00000e+00

   Total Virial (kJ/mol)
    5.23872e+04    6.13288e+02   -1.20656e+03
    6.13316e+02    5.21820e+04   -3.93468e+02
   -1.20666e+03   -3.93786e+02    5.29877e+04

   Pressure (bar)
   -2.01924e+03   -3.36997e+01    7.55475e+01
   -3.37013e+01   -2.01393e+03    2.20802e+01
    7.55531e+01    2.20985e+01   -2.06737e+03


	M E G A - F L O P S   A C C O U N T I N G

 NB=Group-cutoff nonbonded kernels    NxN=N-by-N cluster Verlet kernels
 RF=Reaction-Field  VdW=Van der Waals  QSTab=quadratic-spline table
 W3=SPC/TIP3p  W4=TIP4p (single or pairs)
 V&F=Potential and force  V=Potential only  F=Force only

 Computing:                               M-Number         M-Flops  % Flops
-----------------------------------------------------------------------------
 Pair Search distance check             970.676080        8736.085     0.1
 NxN Ewald Elec. + LJ [F]             66834.715984     4411091.255    52.9
 NxN Ewald Elec. + LJ [V&F]             702.143408       75129.345     0.9
 NxN Ewald Elec. [F]                  55160.675312     3364801.194    40.4
 NxN Ewald Elec. [V&F]                  579.497072       48677.754     0.6
 1,4 nonbonded interactions              30.989891        2789.090     0.0
 Calc Weights                           425.697711       15325.118     0.2
 Spread Q Bspline                      9081.551168       18163.102     0.2
 Gather F Bspline                      9081.551168       54489.307     0.7
 3D-FFT                               34557.497472      276459.980     3.3
 Solve PME                               12.965184         829.772     0.0
 Reset In Box                             1.815584           5.447     0.0
 CG-CoM                                   1.872321           5.617     0.0
 Bonds                                    6.094937         359.601     0.0
 Angles                                  21.516103        3614.705     0.0
 Propers                                 37.782607        8652.217     0.1
 Impropers                                2.440976         507.723     0.0
 Pos. Restr.                             11.752199         587.610     0.0
 Virial                                   1.476332          26.574     0.0
 Update                                 141.899237        4398.876     0.1
 Stop-CM                                  1.531899          15.319     0.0
 Calc-Ekin                               14.297724         386.039     0.0
 Lincs                                   11.649312         698.959     0.0
 Lincs-Mat                               59.687712         238.751     0.0
 Constraint-V                           283.610064        2552.491     0.0
 Constraint-Vir                           1.413360          33.921     0.0
 Settle                                  86.789376       32112.069     0.4
-----------------------------------------------------------------------------
 Total                                                 8330687.919   100.0
-----------------------------------------------------------------------------


    D O M A I N   D E C O M P O S I T I O N   S T A T I S T I C S

 av. #atoms communicated per step for force:  2 x 0.0
 av. #atoms communicated per step for LINCS:  2 x 0.0


     R E A L   C Y C L E   A N D   T I M E   A C C O U N T I N G

On 1 MPI rank, each using 16 OpenMP threads

 Computing:          Num   Num      Call    Wall time         Giga-Cycles
                     Ranks Threads  Count      (s)         total sum    %
-----------------------------------------------------------------------------
 Domain decomp.         1   16         32       0.112          4.120   0.6
 Neighbor search        1   16         32       0.238          8.774   1.2
 Force                  1   16       2501      14.786        545.076  77.2
 PME mesh               1   16       2501       2.618         96.496  13.7
 NB X/F buffer ops.     1   16       4970       0.338         12.458   1.8
 Write traj.            1   16          6       0.105          3.869   0.5
 Update                 1   16       5002       0.580         21.396   3.0
 Constraints            1   16       5004       0.321         11.819   1.7
 Rest                                           0.045          1.643   0.2
-----------------------------------------------------------------------------
 Total                                         19.142        705.651 100.0
-----------------------------------------------------------------------------
 Breakdown of PME mesh computation
-----------------------------------------------------------------------------
 PME spread             1   16       2501       0.909         33.526   4.8
 PME gather             1   16       2501       0.562         20.724   2.9
 PME 3D-FFT             1   16       5002       1.050         38.702   5.5
 PME solve Elec         1   16       2501       0.082          3.036   0.4
-----------------------------------------------------------------------------

               Core t (s)   Wall t (s)        (%)
       Time:      306.270       19.142     1600.0
                 (ns/day)    (hour/ns)
Performance:       22.577        1.063
Finished mdrun on rank 0 Tue Nov  8 13:39:47 2022

